<?xml version="1.0" encoding="UTF-8"?>
<!-- Generated by org.testng.reporters.JUnitReportReporter -->
<testsuite hostname="Diptalok_Sahoo" failures="0" tests="3" name="Selenium_WebDriver_TestNG.S1__Basic" time="0.011" errors="0" timestamp="2024-01-19T08:54:32 IST" skipped="0">
  <testcase classname="Selenium_WebDriver_TestNG.S1__Basic" name="CreateContact" time="0.008"/>
  <testcase classname="Selenium_WebDriver_TestNG.S1__Basic" name="DeleteContact" time="0.001"/>
  <testcase classname="Selenium_WebDriver_TestNG.S1__Basic" name="ModifyContact" time="0.002"/>
</testsuite> <!-- Selenium_WebDriver_TestNG.S1__Basic -->
