<?xml version="1.0" encoding="UTF-8"?>
<!-- Generated by org.testng.reporters.JUnitReportReporter -->
<testsuite hostname="Diptalok_Sahoo" failures="0" tests="1" name="Selenium_WebDriver_TestNG.S7__Alert_Popup" time="8.961" errors="0" timestamp="2024-01-18T08:46:33 IST" skipped="0">
  <testcase classname="Selenium_WebDriver_TestNG.S7__Alert_Popup" name="alert" time="8.961"/>
</testsuite> <!-- Selenium_WebDriver_TestNG.S7__Alert_Popup -->
