<?xml version="1.0" encoding="UTF-8"?>
<!-- Generated by org.testng.reporters.JUnitReportReporter -->
<testsuite hostname="Diptalok_Sahoo" failures="0" tests="1" name="Selenium_WebDriver_Captcha.Captcha_Handling" time="5.370" errors="0" timestamp="2024-02-01T11:03:49 IST" skipped="0">
  <testcase classname="Selenium_WebDriver_Captcha.Captcha_Handling" name="cap" time="5.370"/>
</testsuite> <!-- Selenium_WebDriver_Captcha.Captcha_Handling -->
