<?xml version="1.0" encoding="UTF-8"?>
<!-- Generated by org.testng.reporters.JUnitReportReporter -->
<testsuite hostname="Diptalok_Sahoo" failures="0" tests="1" name="Selenium_WebDriver_TestNG.S5__Alert_Popup" time="11.045" errors="0" timestamp="2024-01-31T09:37:29 IST" skipped="0">
  <testcase classname="Selenium_WebDriver_TestNG.S5__Alert_Popup" name="alert" time="11.045"/>
</testsuite> <!-- Selenium_WebDriver_TestNG.S5__Alert_Popup -->
