<?xml version="1.0" encoding="UTF-8"?>
<!-- Generated by org.testng.reporters.JUnitReportReporter -->
<testsuite hostname="Diptalok_Sahoo" failures="0" tests="1" name="Selenium_WebDriver_Z_Debug.Captcha_Handling" time="6.067" errors="0" timestamp="2024-02-01T10:51:48 IST" skipped="0">
  <testcase classname="Selenium_WebDriver_Z_Debug.Captcha_Handling" name="cap" time="6.067"/>
</testsuite> <!-- Selenium_WebDriver_Z_Debug.Captcha_Handling -->
