<?xml version="1.0" encoding="UTF-8"?>
<!-- Generated by org.testng.reporters.JUnitReportReporter -->
<testsuite hostname="Diptalok_Sahoo" failures="0" tests="3" name="Selenium_WebDriver_TestNG.S2" time="0.011" errors="0" timestamp="2024-01-18T08:56:49 IST" skipped="0">
  <testcase classname="Selenium_WebDriver_TestNG.S2" name="ModifyContact" time="0.001"/>
  <testcase classname="Selenium_WebDriver_TestNG.S2" name="CreateContact" time="0.009"/>
  <testcase classname="Selenium_WebDriver_TestNG.S2" name="DeleteContact" time="0.001"/>
</testsuite> <!-- Selenium_WebDriver_TestNG.S2 -->
