<?xml version="1.0" encoding="UTF-8"?>
<!-- Generated by org.testng.reporters.JUnitReportReporter -->
<testsuite hostname="Diptalok_Sahoo" failures="0" tests="2" name="Selenium_WebDriver_TestNG.S8__Soft_Assertion" time="0.020" errors="0" timestamp="2024-01-26T22:50:46 IST" skipped="0">
  <testcase classname="Selenium_WebDriver_TestNG.S8__Soft_Assertion" name="m1" time="0.014"/>
  <testcase classname="Selenium_WebDriver_TestNG.S8__Soft_Assertion" name="m2" time="0.006"/>
</testsuite> <!-- Selenium_WebDriver_TestNG.S8__Soft_Assertion -->
