<?xml version="1.0" encoding="UTF-8"?>
<!-- Generated by org.testng.reporters.JUnitReportReporter -->
<testsuite hostname="Diptalok_Sahoo" failures="0" tests="5" name="Selenium_WebDriver_TestNG.S3" time="0.010" errors="0" timestamp="2024-01-18T08:32:11 IST" skipped="0">
  <testcase classname="Selenium_WebDriver_TestNG.S3" name="CreateContact" time="0.001"/>
  <testcase classname="Selenium_WebDriver_TestNG.S3" name="CreateContact" time="0.007"/>
  <testcase classname="Selenium_WebDriver_TestNG.S3" name="CreateContact" time="0.001"/>
  <testcase classname="Selenium_WebDriver_TestNG.S3" name="DeleteContact" time="0.000"/>
  <testcase classname="Selenium_WebDriver_TestNG.S3" name="ModifyContact" time="0.001"/>
</testsuite> <!-- Selenium_WebDriver_TestNG.S3 -->
