<?xml version="1.0" encoding="UTF-8"?>
<!-- Generated by org.testng.reporters.JUnitReportReporter -->
<testsuite hostname="Diptalok_Sahoo" failures="0" tests="3" name="Selenium_WebDriver_TestNG.S3__TestNG_Methods" time="0.014" errors="0" timestamp="2024-01-26T22:47:15 IST" skipped="1">
  <testcase classname="Selenium_WebDriver_TestNG.S3__TestNG_Methods" name="ModifyContact" time="0.002"/>
  <testcase classname="Selenium_WebDriver_TestNG.S3__TestNG_Methods" name="DeleteContact" time="0.012"/>
  <testcase classname="Selenium_WebDriver_TestNG.S3__TestNG_Methods" name="CreateContact">
    <skipped/>
  </testcase> <!-- CreateContact -->
</testsuite> <!-- Selenium_WebDriver_TestNG.S3__TestNG_Methods -->
