<?xml version="1.0" encoding="UTF-8"?>
<!-- Generated by org.testng.reporters.JUnitReportReporter -->
<testsuite hostname="Diptalok_Sahoo" failures="0" tests="1" name="Selenium_WebDriver_TestNG.S4__DropDown" time="14.744" errors="0" timestamp="2024-01-19T08:54:32 IST" skipped="0">
  <testcase classname="Selenium_WebDriver_TestNG.S4__DropDown" name="drop" time="14.744"/>
</testsuite> <!-- Selenium_WebDriver_TestNG.S4__DropDown -->
