<?xml version="1.0" encoding="UTF-8"?>
<!-- Generated by org.testng.reporters.JUnitReportReporter -->
<testsuite hostname="Diptalok_Sahoo" failures="0" tests="1" name="Selenium_WebDriver_TestNG.T2__Captcha_Handling" time="18.530" errors="0" timestamp="2024-02-19T22:23:20 IST" skipped="0">
  <testcase classname="Selenium_WebDriver_TestNG.T2__Captcha_Handling" name="cap" time="18.530"/>
</testsuite> <!-- Selenium_WebDriver_TestNG.T2__Captcha_Handling -->
