<?xml version="1.0" encoding="UTF-8"?>
<!-- Generated by org.testng.reporters.JUnitReportReporter -->
<testsuite hostname="Diptalok_Sahoo" failures="0" tests="1" name="Selenium_WebDriver_TestNG.S6__Flipkart_Print" time="6.401" errors="0" timestamp="2024-01-19T08:54:32 IST" skipped="0">
  <testcase classname="Selenium_WebDriver_TestNG.S6__Flipkart_Print" name="fl" time="6.401"/>
</testsuite> <!-- Selenium_WebDriver_TestNG.S6__Flipkart_Print -->
