<?xml version="1.0" encoding="UTF-8"?>
<!-- Generated by org.testng.reporters.JUnitReportReporter -->
<testsuite hostname="Diptalok_Sahoo" failures="0" tests="1" name="Selenium_WebDriver_TestNG.S5__Handling_DropDown_ListBox" time="14.128" errors="0" timestamp="2024-01-18T08:45:20 IST" skipped="0">
  <testcase classname="Selenium_WebDriver_TestNG.S5__Handling_DropDown_ListBox" name="drop" time="14.128"/>
</testsuite> <!-- Selenium_WebDriver_TestNG.S5__Handling_DropDown_ListBox -->
