<?xml version="1.0" encoding="UTF-8"?>
<!-- Generated by org.testng.reporters.JUnitReportReporter -->
<testsuite hostname="Diptalok_Sahoo" failures="0" tests="2" name="Selenium_WebDriver_TestNG.S7__Hard_Assertion" time="0.019" errors="0" timestamp="2024-01-26T22:50:09 IST" skipped="0">
  <testcase classname="Selenium_WebDriver_TestNG.S7__Hard_Assertion" name="m2" time="0.003"/>
  <testcase classname="Selenium_WebDriver_TestNG.S7__Hard_Assertion" name="m1" time="0.016"/>
</testsuite> <!-- Selenium_WebDriver_TestNG.S7__Hard_Assertion -->
