<?xml version="1.0" encoding="UTF-8"?>
<!-- Generated by org.testng.reporters.JUnitReportReporter -->
<testsuite hostname="Diptalok_Sahoo" failures="0" tests="1" name="Selenium_WebDriver_X_Framework.S2__Fetch_data_from_Excel" time="0.568" errors="0" timestamp="2024-01-18T08:37:22 IST" skipped="0">
  <testcase classname="Selenium_WebDriver_X_Framework.S2__Fetch_data_from_Excel" name="S2__Fetch_data_from_Excel" time="0.568"/>
</testsuite> <!-- Selenium_WebDriver_X_Framework.S2__Fetch_data_from_Excel -->
